#
# A fatal error has been detected by the Java Runtime Environment:
#
#  EXCEPTION_ACCESS_VIOLATION (0xc0000005) at pc=0x00007fff3b272138, pid=11096, tid=8832
#
# JRE version: OpenJDK Runtime Environment (17.0.6) (build 17.0.6+0-b2043.56-9586694)
# Java VM: OpenJDK 64-Bit Server VM (17.0.6+0-b2043.56-9586694, mixed mode, tiered, compressed oops, compressed class ptrs, g1 gc, windows-amd64)
# Problematic frame:
# V  [jvm.dll+0x5a2138]
#
# No core dump will be written. Minidumps are not enabled by default on client versions of Windows
#
# If you would like to submit a bug report, please visit:
#   https://bugreport.java.com/bugreport/crash.jsp
#

---------------  S U M M A R Y ------------

Command Line: --add-opens=java.base/java.util=ALL-UNNAMED --add-opens=java.base/java.lang=ALL-UNNAMED --add-opens=java.base/java.lang.invoke=ALL-UNNAMED --add-opens=java.prefs/java.util.prefs=ALL-UNNAMED --add-opens=java.base/java.nio.charset=ALL-UNNAMED --add-opens=java.base/java.net=ALL-UNNAMED --add-opens=java.base/java.util.concurrent.atomic=ALL-UNNAMED -Xmx2048m -Dfile.encoding=UTF-8 -Duser.country=IN -Duser.language=en -Duser.variant org.gradle.launcher.daemon.bootstrap.GradleDaemon 8.0

Host: Intel(R) Core(TM) i5-8400 CPU @ 2.80GHz, 6 cores, 15G,  Windows 10 , 64 bit Build 19041 (10.0.19041.2364)
Time: Fri Sep 22 18:24:40 2023 India Standard Time elapsed time: 10.495283 seconds (0d 0h 0m 10s)

---------------  T H R E A D  ---------------

Current thread (0x000001a2c5d8f0d0):  JavaThread "C2 CompilerThread1" daemon [_thread_in_native, id=8832, stack(0x000000319b500000,0x000000319b600000)]


Current CompileTask:
C2:  10495 3958       4       java.util.Arrays::binarySearch (10 bytes)

Stack: [0x000000319b500000,0x000000319b600000],  sp=0x000000319b5fbce0,  free space=1007k
Native frames: (J=compiled Java code, j=interpreted, Vv=VM code, C=native code)
V  [jvm.dll+0x5a2138]
V  [jvm.dll+0x1bf8c7]
V  [jvm.dll+0x1bcedc]
V  [jvm.dll+0x21c359]
V  [jvm.dll+0x21b621]
V  [jvm.dll+0x1a4fdd]
V  [jvm.dll+0x22b098]
V  [jvm.dll+0x229159]
V  [jvm.dll+0x7f809c]
V  [jvm.dll+0x7f25fa]
V  [jvm.dll+0x682985]
C  [ucrtbase.dll+0x21bb2]
C  [KERNEL32.DLL+0x17614]
C  [ntdll.dll+0x526a1]


siginfo: EXCEPTION_ACCESS_VIOLATION (0xc0000005), reading address 0x000001a8c711e3e0


Register to memory mapping:

RIP=0x00007fff3b272138 jvm.dll
RAX=0x000001a2c0c90020 points into unknown readable memory: 0x0000000000000000 | 00 00 00 00 00 00 00 00
RBX=0x0000000000007d2a is an unknown value
RCX=0x000001a2c0c91c78 points into unknown readable memory: 0x00007fff3b5c3c50 | 50 3c 5c 3b ff 7f 00 00
RDX=0x00000000c0c91c78 is an unallocated location in the heap
RSP=0x000000319b5fbce0 is pointing into the stack for thread: 0x000001a2c5d8f0d0
RBP=0x00000000c0c91c78 is an unallocated location in the heap
RSI=0x000001a2c0c91c78 points into unknown readable memory: 0x00007fff3b5c3c50 | 50 3c 5c 3b ff 7f 00 00
RDI=0xffffffffffffffff is an unknown value
R8 =0x00000000c0c91c78 is an unallocated location in the heap
R9 =0x0000000000000001 is an unknown value
R10=0x000000000000000a is an unknown value
R11=0x3333333333333333 is an unknown value
R12=0x000000003b7f3750 is an unknown value
R13=0x0000000000000001 is an unknown value
R14=0x000001a2c0c91c78 points into unknown readable memory: 0x00007fff3b5c3c50 | 50 3c 5c 3b ff 7f 00 00
R15=0x000001a2c5a0f0b0 points into unknown readable memory: 0x000300030ffffcff | ff fc ff 0f 03 00 03 00


Registers:
RAX=0x000001a2c0c90020, RBX=0x0000000000007d2a, RCX=0x000001a2c0c91c78, RDX=0x00000000c0c91c78
RSP=0x000000319b5fbce0, RBP=0x00000000c0c91c78, RSI=0x000001a2c0c91c78, RDI=0xffffffffffffffff
R8 =0x00000000c0c91c78, R9 =0x0000000000000001, R10=0x000000000000000a, R11=0x3333333333333333
R12=0x000000003b7f3750, R13=0x0000000000000001, R14=0x000001a2c0c91c78, R15=0x000001a2c5a0f0b0
RIP=0x00007fff3b272138, EFLAGS=0x0000000000010286

Top of Stack: (sp=0x000000319b5fbce0)
0x000000319b5fbce0:   000001a2c5a0f0b0 000000319b5fc210
0x000000319b5fbcf0:   000001a2c5a0ef30 000001a2c0c92470
0x000000319b5fbd00:   000000319b5fc210 00007fff3ae8f8c7
0x000000319b5fbd10:   0000000000000004 000001a2c0a398a0
0x000000319b5fbd20:   000001a2c0a398a0 000001a2c3ae98f0
0x000000319b5fbd30:   000000c400000014 00007fff00007d2a
0x000000319b5fbd40:   000001a2c0a398a0 0000000000000098
0x000000319b5fbd50:   0000000000000000 0000000000000000
0x000000319b5fbd60:   00000000000ca830 000001a2c58a8fd0
0x000000319b5fbd70:   000001a2c58a8fe0 000001a2bd445230
0x000000319b5fbd80:   00000000000003d8 000000319b5fbeb0
0x000000319b5fbd90:   0000000000000000 000000319b5fc2f0
0x000000319b5fbda0:   000000319b5fc210 00007fff3ae8cedc
0x000000319b5fbdb0:   000000319b5fc210 000000319b5fbe01
0x000000319b5fbdc0:   000000319b5fc201 00000000c0c91c78
0x000000319b5fbdd0:   0000000000000000 0000000000000000 

Instructions: (pc=0x00007fff3b272138)
0x00007fff3b272038:   0e 48 8b 11 ff 52 08 03 e8 4d 8d 76 08 48 83 eb
0x00007fff3b272048:   01 75 e6 4c 8b 74 24 48 8b dd 48 8b 6c 24 40 48
0x00007fff3b272058:   8b 07 48 8b cf ff 90 98 00 00 00 85 c0 78 10 03
0x00007fff3b272068:   c3 48 63 c8 48 8b 46 08 48 8b 0c c8 49 89 0f 48
0x00007fff3b272078:   8b 07 48 8b cf ff 90 a0 00 00 00 85 c0 78 11 03
0x00007fff3b272088:   c3 48 63 c8 48 8b 46 08 48 8b 0c c8 49 89 0c 24
0x00007fff3b272098:   48 8b c7 48 8b 5c 24 50 48 8b 74 24 58 48 83 c4
0x00007fff3b2720a8:   20 41 5f 41 5c 5f c3 cc 48 83 ec 28 ba 40 00 00
0x00007fff3b2720b8:   00 48 8d 0d 50 3e 40 00 e8 0b 79 ca ff e8 f6 15
0x00007fff3b2720c8:   0e 00 33 c0 48 83 c4 28 c3 cc cc cc cc cc cc cc
0x00007fff3b2720d8:   cc cc cc cc cc cc cc cc 48 83 ec 28 ba bd 01 00
0x00007fff3b2720e8:   00 48 8d 0d 20 3e 40 00 e8 ab 78 ca ff 48 83 c4
0x00007fff3b2720f8:   28 e9 c2 15 0e 00 cc cc 48 83 ec 28 ba 46 00 00
0x00007fff3b272108:   00 48 8d 0d 00 3e 40 00 e8 8b 78 ca ff 48 83 c4
0x00007fff3b272118:   28 e9 a2 15 0e 00 cc cc 48 89 6c 24 18 56 48 83
0x00007fff3b272128:   ec 20 8b ea 48 8b f1 83 fa 01 72 6d 48 8b 41 40
0x00007fff3b272138:   48 8b 0c e8 48 8b 01 ff 50 08 85 c0 74 5b 48 8b
0x00007fff3b272148:   06 48 8b ce 48 89 7c 24 38 ff 90 c8 00 00 00 8b
0x00007fff3b272158:   f8 83 fd 01 76 31 48 89 5c 24 30 ff cd bb 08 00
0x00007fff3b272168:   00 00 66 0f 1f 44 00 00 48 8b 4e 40 48 8b 0c 0b
0x00007fff3b272178:   48 8b 11 ff 52 08 03 f8 48 8d 5b 08 48 83 ed 01
0x00007fff3b272188:   75 e6 48 8b 5c 24 30 8b c7 48 8b 7c 24 38 48 8b
0x00007fff3b272198:   6c 24 40 48 83 c4 20 5e c3 48 8b 6c 24 40 b8 ff
0x00007fff3b2721a8:   ff ff ff 48 83 c4 20 5e c3 cc cc cc cc cc cc cc
0x00007fff3b2721b8:   cc cc cc cc cc cc cc cc 48 89 5c 24 08 48 89 6c
0x00007fff3b2721c8:   24 10 48 89 74 24 18 57 48 83 ec 20 48 8b 01 48
0x00007fff3b2721d8:   8b ea 48 8b f9 ff 90 c8 00 00 00 bb 01 00 00 00
0x00007fff3b2721e8:   8b f0 39 5f 3c 76 1f 90 48 8b 4f 40 8b d3 48 8b
0x00007fff3b2721f8:   0c d1 48 3b cd 74 0f 48 8b 01 ff 50 08 03 f0 ff
0x00007fff3b272208:   c3 3b 5f 3c 72 e2 48 8b 47 40 ba ff ff ff ff 8b
0x00007fff3b272218:   cb 48 8b 5c 24 30 48 39 2c c8 48 8b 6c 24 38 0f
0x00007fff3b272228:   45 f2 8b c6 48 8b 74 24 40 48 83 c4 20 5f c3 cc 


Stack slot to memory mapping:
stack at sp + 0 slots: 0x000001a2c5a0f0b0 points into unknown readable memory: 0x000300030ffffcff | ff fc ff 0f 03 00 03 00
stack at sp + 1 slots: 0x000000319b5fc210 is pointing into the stack for thread: 0x000001a2c5d8f0d0
stack at sp + 2 slots: 0x000001a2c5a0ef30 points into unknown readable memory: 0x0001000105555455 | 55 54 55 05 01 00 01 00
stack at sp + 3 slots: 0x000001a2c0c92470 points into unknown readable memory: 0x00007fff3b597760 | 60 77 59 3b ff 7f 00 00
stack at sp + 4 slots: 0x000000319b5fc210 is pointing into the stack for thread: 0x000001a2c5d8f0d0
stack at sp + 5 slots: 0x00007fff3ae8f8c7 jvm.dll
stack at sp + 6 slots: 0x0000000000000004 is an unknown value
stack at sp + 7 slots: 0x000001a2c0a398a0 points into unknown readable memory: 0x00007fff3b5fa580 | 80 a5 5f 3b ff 7f 00 00


---------------  P R O C E S S  ---------------

Threads class SMR info:
_java_thread_list=0x000001a2c365cc70, length=40, elements={
0x000001a2a4e16d80, 0x000001a2bfbcd4e0, 0x000001a2bfbce740, 0x000001a2bfbb9a00,
0x000001a2bfbba2c0, 0x000001a2bfbe3630, 0x000001a2bfbe6510, 0x000001a2bfbebcc0,
0x000001a2bfbee5d0, 0x000001a2bfbef670, 0x000001a2bfd7e520, 0x000001a2bfd7f210,
0x000001a2c0b6b0b0, 0x000001a2bff0a880, 0x000001a2c2dd39a0, 0x000001a2c161a820,
0x000001a2c2cfc0c0, 0x000001a2c1605ad0, 0x000001a2c36342f0, 0x000001a2c1a20260,
0x000001a2c1a210d0, 0x000001a2c1a20730, 0x000001a2c1a21f40, 0x000001a2c1a22410,
0x000001a2c1a23280, 0x000001a2c1a215a0, 0x000001a2c1a22db0, 0x000001a2c1a23750,
0x000001a2c1a21a70, 0x000001a2c1a20c00, 0x000001a2c1a228e0, 0x000001a2c1a23c20,
0x000001a2c38203e0, 0x000001a2c381ad40, 0x000001a2c3819a00, 0x000001a2c381ca20,
0x000001a2c381fa40, 0x000001a2c3819ed0, 0x000001a2c381cef0, 0x000001a2c5d8f0d0
}

Java Threads: ( => current thread )
  0x000001a2a4e16d80 JavaThread "main" [_thread_blocked, id=9628, stack(0x0000003198200000,0x0000003198300000)]
  0x000001a2bfbcd4e0 JavaThread "Reference Handler" daemon [_thread_blocked, id=3876, stack(0x0000003198900000,0x0000003198a00000)]
  0x000001a2bfbce740 JavaThread "Finalizer" daemon [_thread_blocked, id=11812, stack(0x0000003198a00000,0x0000003198b00000)]
  0x000001a2bfbb9a00 JavaThread "Signal Dispatcher" daemon [_thread_blocked, id=10948, stack(0x0000003198b00000,0x0000003198c00000)]
  0x000001a2bfbba2c0 JavaThread "Attach Listener" daemon [_thread_blocked, id=8100, stack(0x0000003198c00000,0x0000003198d00000)]
  0x000001a2bfbe3630 JavaThread "Service Thread" daemon [_thread_blocked, id=3856, stack(0x0000003198d00000,0x0000003198e00000)]
  0x000001a2bfbe6510 JavaThread "Monitor Deflation Thread" daemon [_thread_blocked, id=4128, stack(0x0000003198e00000,0x0000003198f00000)]
  0x000001a2bfbebcc0 JavaThread "C2 CompilerThread0" daemon [_thread_in_native, id=6896, stack(0x0000003198f00000,0x0000003199000000)]
  0x000001a2bfbee5d0 JavaThread "C1 CompilerThread0" daemon [_thread_blocked, id=8876, stack(0x0000003199000000,0x0000003199100000)]
  0x000001a2bfbef670 JavaThread "Sweeper thread" daemon [_thread_blocked, id=10800, stack(0x0000003199100000,0x0000003199200000)]
  0x000001a2bfd7e520 JavaThread "Common-Cleaner" daemon [_thread_blocked, id=7504, stack(0x0000003199200000,0x0000003199300000)]
  0x000001a2bfd7f210 JavaThread "Notification Thread" daemon [_thread_blocked, id=7556, stack(0x0000003199300000,0x0000003199400000)]
  0x000001a2c0b6b0b0 JavaThread "Daemon health stats" [_thread_blocked, id=10828, stack(0x0000003199b00000,0x0000003199c00000)]
  0x000001a2bff0a880 JavaThread "Incoming local TCP Connector on port 56305" [_thread_in_native, id=2700, stack(0x0000003199c00000,0x0000003199d00000)]
  0x000001a2c2dd39a0 JavaThread "Daemon periodic checks" [_thread_blocked, id=376, stack(0x0000003199d00000,0x0000003199e00000)]
  0x000001a2c161a820 JavaThread "Daemon" [_thread_blocked, id=1432, stack(0x0000003199e00000,0x0000003199f00000)]
  0x000001a2c2cfc0c0 JavaThread "Handler for socket connection from /127.0.0.1:56305 to /127.0.0.1:56306" [_thread_in_native, id=2556, stack(0x0000003199f00000,0x000000319a000000)]
  0x000001a2c1605ad0 JavaThread "Cancel handler" [_thread_blocked, id=10848, stack(0x000000319a000000,0x000000319a100000)]
  0x000001a2c36342f0 JavaThread "Daemon worker" [_thread_in_native, id=11808, stack(0x000000319a100000,0x000000319a200000)]
  0x000001a2c1a20260 JavaThread "Asynchronous log dispatcher for DefaultDaemonConnection: socket connection from /127.0.0.1:56305 to /127.0.0.1:56306" [_thread_blocked, id=10624, stack(0x000000319a200000,0x000000319a300000)]
  0x000001a2c1a210d0 JavaThread "Stdin handler" [_thread_blocked, id=7732, stack(0x000000319a300000,0x000000319a400000)]
  0x000001a2c1a20730 JavaThread "Daemon client event forwarder" [_thread_blocked, id=3024, stack(0x000000319a400000,0x000000319a500000)]
  0x000001a2c1a21f40 JavaThread "Cache worker for journal cache (C:\Users\admin.CHETUIWKSC016\.gradle\caches\journal-1)" [_thread_blocked, id=11648, stack(0x000000319a600000,0x000000319a700000)]
  0x000001a2c1a22410 JavaThread "File lock request listener" [_thread_in_native, id=14068, stack(0x000000319a700000,0x000000319a800000)]
  0x000001a2c1a23280 JavaThread "Cache worker for file hash cache (C:\Users\admin.CHETUIWKSC016\.gradle\caches\8.0\fileHashes)" [_thread_blocked, id=11060, stack(0x000000319a800000,0x000000319a900000)]
  0x000001a2c1a215a0 JavaThread "File watcher server" daemon [_thread_in_native, id=716, stack(0x000000319a900000,0x000000319aa00000)]
  0x000001a2c1a22db0 JavaThread "File watcher consumer" daemon [_thread_blocked, id=13036, stack(0x000000319aa00000,0x000000319ab00000)]
  0x000001a2c1a23750 JavaThread "jar transforms" [_thread_blocked, id=13564, stack(0x000000319ab00000,0x000000319ac00000)]
  0x000001a2c1a21a70 JavaThread "jar transforms Thread 2" [_thread_blocked, id=13172, stack(0x000000319ac00000,0x000000319ad00000)]
  0x000001a2c1a20c00 JavaThread "jar transforms Thread 3" [_thread_blocked, id=12808, stack(0x000000319ad00000,0x000000319ae00000)]
  0x000001a2c1a228e0 JavaThread "jar transforms Thread 4" [_thread_blocked, id=13164, stack(0x000000319ae00000,0x000000319af00000)]
  0x000001a2c1a23c20 JavaThread "jar transforms Thread 5" [_thread_blocked, id=13680, stack(0x000000319af00000,0x000000319b000000)]
  0x000001a2c38203e0 JavaThread "jar transforms Thread 6" [_thread_blocked, id=5888, stack(0x000000319b000000,0x000000319b100000)]
  0x000001a2c381ad40 JavaThread "Cache worker for checksums cache (C:\Users\admin.CHETUIWKSC016\AndroidStudioProjects\TMDBAPI\.gradle\8.0\checksums)" [_thread_blocked, id=10660, stack(0x0000003199500000,0x0000003199600000)]
  0x000001a2c3819a00 JavaThread "Cache worker for cache directory md-rule (C:\Users\admin.CHETUIWKSC016\.gradle\caches\8.0\md-rule)" [_thread_blocked, id=8540, stack(0x000000319b100000,0x000000319b200000)]
  0x000001a2c381ca20 JavaThread "Cache worker for file content cache (C:\Users\admin.CHETUIWKSC016\.gradle\caches\8.0\fileContent)" [_thread_blocked, id=9752, stack(0x000000319b200000,0x000000319b300000)]
  0x000001a2c381fa40 JavaThread "Cache worker for file hash cache (C:\Users\admin.CHETUIWKSC016\AndroidStudioProjects\TMDBAPI\.gradle\8.0\fileHashes)" [_thread_blocked, id=9476, stack(0x000000319b300000,0x000000319b400000)]
  0x000001a2c3819ed0 JavaThread "Cache worker for cache directory md-supplier (C:\Users\admin.CHETUIWKSC016\.gradle\caches\8.0\md-supplier)" [_thread_blocked, id=7532, stack(0x000000319b400000,0x000000319b500000)]
  0x000001a2c381cef0 JavaThread "Cache worker for execution history cache (C:\Users\admin.CHETUIWKSC016\.gradle\caches\8.0\executionHistory)" [_thread_blocked, id=6796, stack(0x000000319b600000,0x000000319b700000)]
=>0x000001a2c5d8f0d0 JavaThread "C2 CompilerThread1" daemon [_thread_in_native, id=8832, stack(0x000000319b500000,0x000000319b600000)]

Other Threads:
  0x000001a2bd49f6c0 VMThread "VM Thread" [stack: 0x0000003198800000,0x0000003198900000] [id=1648]
  0x000001a2bfcd8b60 WatcherThread [stack: 0x0000003199400000,0x0000003199500000] [id=10792]
  0x000001a2a4e70330 GCTaskThread "GC Thread#0" [stack: 0x0000003198300000,0x0000003198400000] [id=11936]
  0x000001a2c161ed20 GCTaskThread "GC Thread#1" [stack: 0x0000003199600000,0x0000003199700000] [id=10020]
  0x000001a2c1899180 GCTaskThread "GC Thread#2" [stack: 0x0000003199700000,0x0000003199800000] [id=6976]
  0x000001a2c1899430 GCTaskThread "GC Thread#3" [stack: 0x0000003199800000,0x0000003199900000] [id=13620]
  0x000001a2c1898ed0 GCTaskThread "GC Thread#4" [stack: 0x0000003199900000,0x0000003199a00000] [id=2728]
  0x000001a2c18996e0 GCTaskThread "GC Thread#5" [stack: 0x0000003199a00000,0x0000003199b00000] [id=8344]
  0x000001a2a4e7d170 ConcurrentGCThread "G1 Main Marker" [stack: 0x0000003198400000,0x0000003198500000] [id=13980]
  0x000001a2a4e7da90 ConcurrentGCThread "G1 Conc#0" [stack: 0x0000003198500000,0x0000003198600000] [id=14176]
  0x000001a2c1899990 ConcurrentGCThread "G1 Conc#1" [stack: 0x000000319a500000,0x000000319a600000] [id=9448]
  0x000001a2bd38c010 ConcurrentGCThread "G1 Refine#0" [stack: 0x0000003198600000,0x0000003198700000] [id=11668]
  0x000001a2c4b45cc0 ConcurrentGCThread "G1 Refine#1" [stack: 0x000000319b700000,0x000000319b800000] [id=14232]
  0x000001a2bd38c940 ConcurrentGCThread "G1 Service" [stack: 0x0000003198700000,0x0000003198800000] [id=6236]

Threads with active compile tasks:
C2 CompilerThread0    10602 3992       4       java.util.Arrays::binarySearch0 (95 bytes)
C2 CompilerThread1    10602 3958       4       java.util.Arrays::binarySearch (10 bytes)

VM state: not at safepoint (normal execution)

VM Mutex/Monitor currently owned by a thread: None

Heap address: 0x0000000080000000, size: 2048 MB, Compressed Oops mode: 32-bit

CDS archive(s) not mapped
Compressed class space mapped at: 0x0000000100000000-0x0000000140000000, reserved size: 1073741824
Narrow klass base: 0x0000000000000000, Narrow klass shift: 3, Narrow klass range: 0x140000000

GC Precious Log:
 CPUs: 6 total, 6 available
 Memory: 16172M
 Large Page Support: Disabled
 NUMA Support: Disabled
 Compressed Oops: Enabled (32-bit)
 Heap Region Size: 1M
 Heap Min Capacity: 8M
 Heap Initial Capacity: 254M
 Heap Max Capacity: 2G
 Pre-touch: Disabled
 Parallel Workers: 6
 Concurrent Workers: 2
 Concurrent Refinement Workers: 6
 Periodic GC: Disabled

Heap:
 garbage-first heap   total 125952K, used 93976K [0x0000000080000000, 0x0000000100000000)
  region size 1024K, 30 young (30720K), 2 survivors (2048K)
 Metaspace       used 46038K, committed 46464K, reserved 1089536K
  class space    used 6122K, committed 6336K, reserved 1048576K

Heap Regions: E=young(eden), S=young(survivor), O=old, HS=humongous(starts), HC=humongous(continues), CS=collection set, F=free, OA=open archive, CA=closed archive, TAMS=top-at-mark-start (previous, next)
|   0|0x0000000080000000, 0x0000000080100000, 0x0000000080100000|100%|HS|  |TAMS 0x0000000080100000, 0x0000000080000000| Complete 
|   1|0x0000000080100000, 0x0000000080200000, 0x0000000080200000|100%|HC|  |TAMS 0x0000000080200000, 0x0000000080100000| Complete 
|   2|0x0000000080200000, 0x0000000080300000, 0x0000000080300000|100%|HC|  |TAMS 0x0000000080300000, 0x0000000080200000| Complete 
|   3|0x0000000080300000, 0x0000000080400000, 0x0000000080400000|100%|HC|  |TAMS 0x0000000080400000, 0x0000000080300000| Complete 
|   4|0x0000000080400000, 0x0000000080500000, 0x0000000080500000|100%| O|  |TAMS 0x0000000080500000, 0x0000000080400000| Untracked 
|   5|0x0000000080500000, 0x0000000080600000, 0x0000000080600000|100%| O|  |TAMS 0x0000000080600000, 0x0000000080500000| Untracked 
|   6|0x0000000080600000, 0x0000000080700000, 0x0000000080700000|100%| O|  |TAMS 0x0000000080700000, 0x0000000080600000| Untracked 
|   7|0x0000000080700000, 0x0000000080800000, 0x0000000080800000|100%| O|  |TAMS 0x0000000080800000, 0x0000000080700000| Untracked 
|   8|0x0000000080800000, 0x0000000080900000, 0x0000000080900000|100%| O|  |TAMS 0x0000000080900000, 0x0000000080800000| Untracked 
|   9|0x0000000080900000, 0x0000000080a00000, 0x0000000080a00000|100%| O|  |TAMS 0x0000000080a00000, 0x0000000080900000| Untracked 
|  10|0x0000000080a00000, 0x0000000080a0c600, 0x0000000080b00000|  4%| O|  |TAMS 0x0000000080a0c600, 0x0000000080a00000| Untracked 
|  11|0x0000000080b00000, 0x0000000080c00000, 0x0000000080c00000|100%| O|  |TAMS 0x0000000080c00000, 0x0000000080b00000| Untracked 
|  12|0x0000000080c00000, 0x0000000080d00000, 0x0000000080d00000|100%| O|  |TAMS 0x0000000080d00000, 0x0000000080c00000| Untracked 
|  13|0x0000000080d00000, 0x0000000080e00000, 0x0000000080e00000|100%| O|  |TAMS 0x0000000080e00000, 0x0000000080d00000| Untracked 
|  14|0x0000000080e00000, 0x0000000080f00000, 0x0000000080f00000|100%| O|  |TAMS 0x0000000080f00000, 0x0000000080e00000| Untracked 
|  15|0x0000000080f00000, 0x0000000081000000, 0x0000000081000000|100%| O|  |TAMS 0x0000000081000000, 0x0000000080f00000| Untracked 
|  16|0x0000000081000000, 0x0000000081100000, 0x0000000081100000|100%| O|  |TAMS 0x0000000081100000, 0x0000000081000000| Untracked 
|  17|0x0000000081100000, 0x0000000081200000, 0x0000000081200000|100%| O|  |TAMS 0x0000000081200000, 0x0000000081100000| Untracked 
|  18|0x0000000081200000, 0x0000000081300000, 0x0000000081300000|100%| O|  |TAMS 0x0000000081300000, 0x0000000081200000| Untracked 
|  19|0x0000000081300000, 0x0000000081400000, 0x0000000081400000|100%|HS|  |TAMS 0x0000000081400000, 0x0000000081300000| Complete 
|  20|0x0000000081400000, 0x0000000081500000, 0x0000000081500000|100%|HC|  |TAMS 0x0000000081500000, 0x0000000081400000| Complete 
|  21|0x0000000081500000, 0x0000000081600000, 0x0000000081600000|100%|HS|  |TAMS 0x0000000081600000, 0x0000000081500000| Complete 
|  22|0x0000000081600000, 0x0000000081700000, 0x0000000081700000|100%|HC|  |TAMS 0x0000000081700000, 0x0000000081600000| Complete 
|  23|0x0000000081700000, 0x0000000081800000, 0x0000000081800000|100%|HC|  |TAMS 0x0000000081800000, 0x0000000081700000| Complete 
|  24|0x0000000081800000, 0x0000000081900000, 0x0000000081900000|100%| O|  |TAMS 0x0000000081900000, 0x0000000081800000| Untracked 
|  25|0x0000000081900000, 0x0000000081a00000, 0x0000000081a00000|100%| O|  |TAMS 0x0000000081a00000, 0x0000000081900000| Untracked 
|  26|0x0000000081a00000, 0x0000000081b00000, 0x0000000081b00000|100%| O|  |TAMS 0x0000000081b00000, 0x0000000081a00000| Untracked 
|  27|0x0000000081b00000, 0x0000000081c00000, 0x0000000081c00000|100%|HS|  |TAMS 0x0000000081c00000, 0x0000000081b00000| Complete 
|  28|0x0000000081c00000, 0x0000000081d00000, 0x0000000081d00000|100%|HC|  |TAMS 0x0000000081d00000, 0x0000000081c00000| Complete 
|  29|0x0000000081d00000, 0x0000000081e00000, 0x0000000081e00000|100%|HC|  |TAMS 0x0000000081e00000, 0x0000000081d00000| Complete 
|  30|0x0000000081e00000, 0x0000000081f00000, 0x0000000081f00000|100%|HS|  |TAMS 0x0000000081f00000, 0x0000000081e00000| Complete 
|  31|0x0000000081f00000, 0x0000000082000000, 0x0000000082000000|100%|HC|  |TAMS 0x0000000082000000, 0x0000000081f00000| Complete 
|  32|0x0000000082000000, 0x0000000082100000, 0x0000000082100000|100%| O|  |TAMS 0x0000000082100000, 0x0000000082000000| Untracked 
|  33|0x0000000082100000, 0x0000000082200000, 0x0000000082200000|100%| O|  |TAMS 0x0000000082200000, 0x0000000082100000| Untracked 
|  34|0x0000000082200000, 0x0000000082300000, 0x0000000082300000|100%|HS|  |TAMS 0x0000000082300000, 0x0000000082200000| Complete 
|  35|0x0000000082300000, 0x0000000082400000, 0x0000000082400000|100%|HC|  |TAMS 0x0000000082400000, 0x0000000082300000| Complete 
|  36|0x0000000082400000, 0x0000000082500000, 0x0000000082500000|100%|HC|  |TAMS 0x0000000082500000, 0x0000000082400000| Complete 
|  37|0x0000000082500000, 0x0000000082600000, 0x0000000082600000|100%|HC|  |TAMS 0x0000000082600000, 0x0000000082500000| Complete 
|  38|0x0000000082600000, 0x0000000082700000, 0x0000000082700000|100%|HC|  |TAMS 0x0000000082700000, 0x0000000082600000| Complete 
|  39|0x0000000082700000, 0x0000000082800000, 0x0000000082800000|100%|HC|  |TAMS 0x0000000082800000, 0x0000000082700000| Complete 
|  40|0x0000000082800000, 0x0000000082900000, 0x0000000082900000|100%| O|  |TAMS 0x0000000082900000, 0x0000000082800000| Untracked 
|  41|0x0000000082900000, 0x0000000082a00000, 0x0000000082a00000|100%|HS|  |TAMS 0x0000000082a00000, 0x0000000082900000| Complete 
|  42|0x0000000082a00000, 0x0000000082b00000, 0x0000000082b00000|100%|HS|  |TAMS 0x0000000082b00000, 0x0000000082a00000| Complete 
|  43|0x0000000082b00000, 0x0000000082c00000, 0x0000000082c00000|100%|HC|  |TAMS 0x0000000082c00000, 0x0000000082b00000| Complete 
|  44|0x0000000082c00000, 0x0000000082d00000, 0x0000000082d00000|100%|HC|  |TAMS 0x0000000082d00000, 0x0000000082c00000| Complete 
|  45|0x0000000082d00000, 0x0000000082e00000, 0x0000000082e00000|100%|HC|  |TAMS 0x0000000082e00000, 0x0000000082d00000| Complete 
|  46|0x0000000082e00000, 0x0000000082f00000, 0x0000000082f00000|100%|HC|  |TAMS 0x0000000082f00000, 0x0000000082e00000| Complete 
|  47|0x0000000082f00000, 0x0000000083000000, 0x0000000083000000|100%|HC|  |TAMS 0x0000000083000000, 0x0000000082f00000| Complete 
|  48|0x0000000083000000, 0x0000000083100000, 0x0000000083100000|100%|HC|  |TAMS 0x0000000083100000, 0x0000000083000000| Complete 
|  49|0x0000000083100000, 0x0000000083200000, 0x0000000083200000|100%|HC|  |TAMS 0x0000000083200000, 0x0000000083100000| Complete 
|  50|0x0000000083200000, 0x0000000083300000, 0x0000000083300000|100%|HC|  |TAMS 0x0000000083300000, 0x0000000083200000| Complete 
|  51|0x0000000083300000, 0x0000000083400000, 0x0000000083400000|100%|HC|  |TAMS 0x0000000083400000, 0x0000000083300000| Complete 
|  52|0x0000000083400000, 0x0000000083500000, 0x0000000083500000|100%|HS|  |TAMS 0x0000000083500000, 0x0000000083400000| Complete 
|  53|0x0000000083500000, 0x0000000083600000, 0x0000000083600000|100%|HC|  |TAMS 0x0000000083600000, 0x0000000083500000| Complete 
|  54|0x0000000083600000, 0x0000000083700000, 0x0000000083700000|100%| O|  |TAMS 0x0000000083700000, 0x0000000083600000| Untracked 
|  55|0x0000000083700000, 0x0000000083800000, 0x0000000083800000|100%| O|  |TAMS 0x000000008379f000, 0x0000000083700000| Untracked 
|  56|0x0000000083800000, 0x0000000083900000, 0x0000000083900000|100%| O|  |TAMS 0x0000000083800000, 0x0000000083800000| Untracked 
|  57|0x0000000083900000, 0x0000000083a00000, 0x0000000083a00000|100%| O|  |TAMS 0x0000000083900000, 0x0000000083900000| Untracked 
|  58|0x0000000083a00000, 0x0000000083b00000, 0x0000000083b00000|100%| O|  |TAMS 0x0000000083a00000, 0x0000000083a00000| Untracked 
|  59|0x0000000083b00000, 0x0000000083c00000, 0x0000000083c00000|100%| O|  |TAMS 0x0000000083b00000, 0x0000000083b00000| Untracked 
|  60|0x0000000083c00000, 0x0000000083d00000, 0x0000000083d00000|100%| O|  |TAMS 0x0000000083c00000, 0x0000000083c00000| Untracked 
|  61|0x0000000083d00000, 0x0000000083d98200, 0x0000000083e00000| 59%| O|  |TAMS 0x0000000083d00000, 0x0000000083d00000| Untracked 
|  62|0x0000000083e00000, 0x0000000083f00000, 0x0000000083f00000|100%|HS|  |TAMS 0x0000000083e00000, 0x0000000083e00000| Complete 
|  63|0x0000000083f00000, 0x0000000084000000, 0x0000000084000000|100%|HS|  |TAMS 0x0000000083f00000, 0x0000000083f00000| Complete 
|  64|0x0000000084000000, 0x0000000084100000, 0x0000000084100000|100%|HC|  |TAMS 0x0000000084000000, 0x0000000084000000| Complete 
|  65|0x0000000084100000, 0x0000000084100000, 0x0000000084200000|  0%| F|  |TAMS 0x0000000084100000, 0x0000000084100000| Untracked 
|  66|0x0000000084200000, 0x0000000084200000, 0x0000000084300000|  0%| F|  |TAMS 0x0000000084200000, 0x0000000084200000| Untracked 
|  67|0x0000000084300000, 0x0000000084300000, 0x0000000084400000|  0%| F|  |TAMS 0x0000000084300000, 0x0000000084300000| Untracked 
|  68|0x0000000084400000, 0x0000000084400000, 0x0000000084500000|  0%| F|  |TAMS 0x0000000084400000, 0x0000000084400000| Untracked 
|  69|0x0000000084500000, 0x0000000084500000, 0x0000000084600000|  0%| F|  |TAMS 0x0000000084500000, 0x0000000084500000| Untracked 
|  70|0x0000000084600000, 0x0000000084600000, 0x0000000084700000|  0%| F|  |TAMS 0x0000000084600000, 0x0000000084600000| Untracked 
|  71|0x0000000084700000, 0x0000000084700000, 0x0000000084800000|  0%| F|  |TAMS 0x0000000084700000, 0x0000000084700000| Untracked 
|  72|0x0000000084800000, 0x0000000084800000, 0x0000000084900000|  0%| F|  |TAMS 0x0000000084800000, 0x0000000084800000| Untracked 
|  73|0x0000000084900000, 0x0000000084900000, 0x0000000084a00000|  0%| F|  |TAMS 0x0000000084900000, 0x0000000084900000| Untracked 
|  74|0x0000000084a00000, 0x0000000084a00000, 0x0000000084b00000|  0%| F|  |TAMS 0x0000000084a00000, 0x0000000084a00000| Untracked 
|  75|0x0000000084b00000, 0x0000000084b00000, 0x0000000084c00000|  0%| F|  |TAMS 0x0000000084b00000, 0x0000000084b00000| Untracked 
|  76|0x0000000084c00000, 0x0000000084c00000, 0x0000000084d00000|  0%| F|  |TAMS 0x0000000084c00000, 0x0000000084c00000| Untracked 
|  77|0x0000000084d00000, 0x0000000084d00000, 0x0000000084e00000|  0%| F|  |TAMS 0x0000000084d00000, 0x0000000084d00000| Untracked 
|  78|0x0000000084e00000, 0x0000000084e00000, 0x0000000084f00000|  0%| F|  |TAMS 0x0000000084e00000, 0x0000000084e00000| Untracked 
|  79|0x0000000084f00000, 0x0000000084f00000, 0x0000000085000000|  0%| F|  |TAMS 0x0000000084f00000, 0x0000000084f00000| Untracked 
|  80|0x0000000085000000, 0x0000000085000000, 0x0000000085100000|  0%| F|  |TAMS 0x0000000085000000, 0x0000000085000000| Untracked 
|  81|0x0000000085100000, 0x0000000085100000, 0x0000000085200000|  0%| F|  |TAMS 0x0000000085100000, 0x0000000085100000| Untracked 
|  82|0x0000000085200000, 0x0000000085200000, 0x0000000085300000|  0%| F|  |TAMS 0x0000000085200000, 0x0000000085200000| Untracked 
|  83|0x0000000085300000, 0x0000000085300000, 0x0000000085400000|  0%| F|  |TAMS 0x0000000085300000, 0x0000000085300000| Untracked 
|  84|0x0000000085400000, 0x0000000085400000, 0x0000000085500000|  0%| F|  |TAMS 0x0000000085400000, 0x0000000085400000| Untracked 
|  85|0x0000000085500000, 0x0000000085500000, 0x0000000085600000|  0%| F|  |TAMS 0x0000000085500000, 0x0000000085500000| Untracked 
|  86|0x0000000085600000, 0x0000000085600000, 0x0000000085700000|  0%| F|  |TAMS 0x0000000085600000, 0x0000000085600000| Untracked 
|  87|0x0000000085700000, 0x0000000085700000, 0x0000000085800000|  0%| F|  |TAMS 0x0000000085700000, 0x0000000085700000| Untracked 
|  88|0x0000000085800000, 0x0000000085800000, 0x0000000085900000|  0%| F|  |TAMS 0x0000000085800000, 0x0000000085800000| Untracked 
|  89|0x0000000085900000, 0x0000000085900000, 0x0000000085a00000|  0%| F|  |TAMS 0x0000000085900000, 0x0000000085900000| Untracked 
|  90|0x0000000085a00000, 0x0000000085a00000, 0x0000000085b00000|  0%| F|  |TAMS 0x0000000085a00000, 0x0000000085a00000| Untracked 
|  91|0x0000000085b00000, 0x0000000085b00000, 0x0000000085c00000|  0%| F|  |TAMS 0x0000000085b00000, 0x0000000085b00000| Untracked 
|  92|0x0000000085c00000, 0x0000000085c00000, 0x0000000085d00000|  0%| F|  |TAMS 0x0000000085c00000, 0x0000000085c00000| Untracked 
|  93|0x0000000085d00000, 0x0000000085e00000, 0x0000000085e00000|100%| E|  |TAMS 0x0000000085d00000, 0x0000000085d00000| Complete 
|  94|0x0000000085e00000, 0x0000000085f00000, 0x0000000085f00000|100%| E|CS|TAMS 0x0000000085e00000, 0x0000000085e00000| Complete 
|  95|0x0000000085f00000, 0x0000000086000000, 0x0000000086000000|100%| E|CS|TAMS 0x0000000085f00000, 0x0000000085f00000| Complete 
|  96|0x0000000086000000, 0x0000000086100000, 0x0000000086100000|100%| E|CS|TAMS 0x0000000086000000, 0x0000000086000000| Complete 
|  97|0x0000000086100000, 0x0000000086200000, 0x0000000086200000|100%| E|CS|TAMS 0x0000000086100000, 0x0000000086100000| Complete 
|  98|0x0000000086200000, 0x0000000086300000, 0x0000000086300000|100%| E|CS|TAMS 0x0000000086200000, 0x0000000086200000| Complete 
|  99|0x0000000086300000, 0x0000000086400000, 0x0000000086400000|100%| E|CS|TAMS 0x0000000086300000, 0x0000000086300000| Complete 
| 100|0x0000000086400000, 0x0000000086500000, 0x0000000086500000|100%| E|CS|TAMS 0x0000000086400000, 0x0000000086400000| Complete 
| 101|0x0000000086500000, 0x0000000086600000, 0x0000000086600000|100%| E|CS|TAMS 0x0000000086500000, 0x0000000086500000| Complete 
| 102|0x0000000086600000, 0x0000000086700000, 0x0000000086700000|100%| E|CS|TAMS 0x0000000086600000, 0x0000000086600000| Complete 
| 103|0x0000000086700000, 0x0000000086800000, 0x0000000086800000|100%| E|CS|TAMS 0x0000000086700000, 0x0000000086700000| Complete 
| 104|0x0000000086800000, 0x0000000086900000, 0x0000000086900000|100%| E|CS|TAMS 0x0000000086800000, 0x0000000086800000| Complete 
| 105|0x0000000086900000, 0x0000000086a00000, 0x0000000086a00000|100%| E|CS|TAMS 0x0000000086900000, 0x0000000086900000| Complete 
| 106|0x0000000086a00000, 0x0000000086b00000, 0x0000000086b00000|100%| E|CS|TAMS 0x0000000086a00000, 0x0000000086a00000| Complete 
| 107|0x0000000086b00000, 0x0000000086c00000, 0x0000000086c00000|100%| E|CS|TAMS 0x0000000086b00000, 0x0000000086b00000| Complete 
| 108|0x0000000086c00000, 0x0000000086d00000, 0x0000000086d00000|100%| E|CS|TAMS 0x0000000086c00000, 0x0000000086c00000| Complete 
| 109|0x0000000086d00000, 0x0000000086e00000, 0x0000000086e00000|100%| E|CS|TAMS 0x0000000086d00000, 0x0000000086d00000| Complete 
| 110|0x0000000086e00000, 0x0000000086f00000, 0x0000000086f00000|100%| E|CS|TAMS 0x0000000086e00000, 0x0000000086e00000| Complete 
| 111|0x0000000086f00000, 0x0000000087000000, 0x0000000087000000|100%| E|CS|TAMS 0x0000000086f00000, 0x0000000086f00000| Complete 
| 112|0x0000000087000000, 0x0000000087100000, 0x0000000087100000|100%| E|CS|TAMS 0x0000000087000000, 0x0000000087000000| Complete 
| 113|0x0000000087100000, 0x0000000087200000, 0x0000000087200000|100%| E|CS|TAMS 0x0000000087100000, 0x0000000087100000| Complete 
| 202|0x000000008ca00000, 0x000000008cb00000, 0x000000008cb00000|100%| E|CS|TAMS 0x000000008ca00000, 0x000000008ca00000| Complete 
| 203|0x000000008cb00000, 0x000000008cc00000, 0x000000008cc00000|100%| E|CS|TAMS 0x000000008cb00000, 0x000000008cb00000| Complete 
| 204|0x000000008cc00000, 0x000000008cd00000, 0x000000008cd00000|100%| E|CS|TAMS 0x000000008cc00000, 0x000000008cc00000| Complete 
| 205|0x000000008cd00000, 0x000000008ce00000, 0x000000008ce00000|100%| E|CS|TAMS 0x000000008cd00000, 0x000000008cd00000| Complete 
| 206|0x000000008ce00000, 0x000000008cf00000, 0x000000008cf00000|100%| E|CS|TAMS 0x000000008ce00000, 0x000000008ce00000| Complete 
| 207|0x000000008cf00000, 0x000000008cf21970, 0x000000008d000000| 13%| S|CS|TAMS 0x000000008cf00000, 0x000000008cf00000| Complete 
| 208|0x000000008d000000, 0x000000008d100000, 0x000000008d100000|100%| S|CS|TAMS 0x000000008d000000, 0x000000008d000000| Complete 
| 209|0x000000008d100000, 0x000000008d200000, 0x000000008d200000|100%| E|CS|TAMS 0x000000008d100000, 0x000000008d100000| Complete 
| 253|0x000000008fd00000, 0x000000008fe00000, 0x000000008fe00000|100%| E|CS|TAMS 0x000000008fd00000, 0x000000008fd00000| Complete 

Card table byte_map: [0x000001a2b8a20000,0x000001a2b8e20000] _byte_map_base: 0x000001a2b8620000

Marking Bits (Prev, Next): (CMBitMap*) 0x000001a2a4e70890, (CMBitMap*) 0x000001a2a4e70850
 Prev Bits: [0x000001a2bb220000, 0x000001a2bd220000)
 Next Bits: [0x000001a2b9220000, 0x000001a2bb220000)

Polling page: 0x000001a2a4e80000

Metaspace:

Usage:
  Non-class:     38.98 MB used.
      Class:      5.98 MB used.
       Both:     44.96 MB used.

Virtual space:
  Non-class space:       40.00 MB reserved,      39.19 MB ( 98%) committed,  5 nodes.
      Class space:        1.00 GB reserved,       6.19 MB ( <1%) committed,  1 nodes.
             Both:        1.04 GB reserved,      45.38 MB (  4%) committed. 

Chunk freelists:
   Non-Class:  344.00 KB
       Class:  1.67 MB
        Both:  2.01 MB

MaxMetaspaceSize: unlimited
CompressedClassSpaceSize: 1.00 GB
Initial GC threshold: 21.00 MB
Current GC threshold: 70.31 MB
CDS: off
MetaspaceReclaimPolicy: balanced
 - commit_granule_bytes: 65536.
 - commit_granule_words: 8192.
 - virtual_space_node_default_size: 1048576.
 - enlarge_chunks_in_place: 1.
 - new_chunks_are_fully_committed: 0.
 - uncommit_free_chunks: 1.
 - use_allocation_guard: 0.
 - handle_deallocations: 1.


Internal statistics:

num_allocs_failed_limit: 3.
num_arena_births: 432.
num_arena_deaths: 0.
num_vsnodes_births: 6.
num_vsnodes_deaths: 0.
num_space_committed: 726.
num_space_uncommitted: 0.
num_chunks_returned_to_freelist: 3.
num_chunks_taken_from_freelist: 1824.
num_chunk_merges: 3.
num_chunk_splits: 1189.
num_chunks_enlarged: 811.
num_purges: 0.
num_inconsistent_stats: 0.

CodeHeap 'non-profiled nmethods': size=120000Kb used=2471Kb max_used=2471Kb free=117528Kb
 bounds [0x000001a2b08a0000, 0x000001a2b0b10000, 0x000001a2b7dd0000]
CodeHeap 'profiled nmethods': size=120000Kb used=8381Kb max_used=8381Kb free=111618Kb
 bounds [0x000001a2a8dd0000, 0x000001a2a9600000, 0x000001a2b0300000]
CodeHeap 'non-nmethods': size=5760Kb used=2291Kb max_used=2359Kb free=3468Kb
 bounds [0x000001a2b0300000, 0x000001a2b0570000, 0x000001a2b08a0000]
 total_blobs=4852 nmethods=4051 adapters=712
 compilation: enabled
              stopped_count=0, restarted_count=0
 full_count=0

Compilation events (20 events):
Event: 10.410 Thread 0x000001a2bfbee5d0 4011       3       java.nio.ByteBuffer::clear (5 bytes)
Event: 10.410 Thread 0x000001a2bfbee5d0 nmethod 4011 0x000001a2a95ebf10 code [0x000001a2a95ec0c0, 0x000001a2a95ec288]
Event: 10.410 Thread 0x000001a2bfbee5d0 4010       3       org.gradle.internal.snapshot.VfsRelativePath::<init> (15 bytes)
Event: 10.410 Thread 0x000001a2bfbee5d0 nmethod 4010 0x000001a2a95ec310 code [0x000001a2a95ec4a0, 0x000001a2a95ec658]
Event: 10.410 Thread 0x000001a2bfbee5d0 4006       3       java.lang.invoke.Invokers$Holder::linkToTargetMethod (13 bytes)
Event: 10.410 Thread 0x000001a2bfbee5d0 nmethod 4006 0x000001a2a95ec710 code [0x000001a2a95ec8c0, 0x000001a2a95eccd8]
Event: 10.410 Thread 0x000001a2bfbee5d0 4007       3       java.lang.invoke.LambdaForm$DMH/0x00000001002a4000::newInvokeSpecial (30 bytes)
Event: 10.410 Thread 0x000001a2bfbee5d0 nmethod 4007 0x000001a2a95ece10 code [0x000001a2a95ed000, 0x000001a2a95ed768]
Event: 10.431 Thread 0x000001a2bfbee5d0 4013       3       org.gradle.internal.time.TimeSource$1::nanoTime (4 bytes)
Event: 10.432 Thread 0x000001a2bfbee5d0 nmethod 4013 0x000001a2a95ed990 code [0x000001a2a95edb20, 0x000001a2a95edc58]
Event: 10.435 Thread 0x000001a2bfbee5d0 4014       3       java.util.concurrent.locks.ReentrantLock::isHeldByCurrentThread (8 bytes)
Event: 10.435 Thread 0x000001a2bfbee5d0 nmethod 4014 0x000001a2a95edd10 code [0x000001a2a95edec0, 0x000001a2a95ee0d8]
Event: 10.442 Thread 0x000001a2bfbee5d0 4015       1       com.google.common.cache.CacheBuilder$OneWeigher::weigh (2 bytes)
Event: 10.442 Thread 0x000001a2bfbee5d0 nmethod 4015 0x000001a2b0af4210 code [0x000001a2b0af43a0, 0x000001a2b0af4478]
Event: 10.454 Thread 0x000001a2bfbee5d0 4017       3       com.google.common.cache.LocalCache$Segment::getEntry (73 bytes)
Event: 10.455 Thread 0x000001a2bfbee5d0 nmethod 4017 0x000001a2a95ee190 code [0x000001a2a95ee480, 0x000001a2a95ef638]
Event: 10.455 Thread 0x000001a2bfbee5d0 4016  s    3       java.io.ByteArrayOutputStream::toByteArray (12 bytes)
Event: 10.455 Thread 0x000001a2bfbee5d0 nmethod 4016 0x000001a2a95efc10 code [0x000001a2a95efdc0, 0x000001a2a95effa8]
Event: 10.470 Thread 0x000001a2bfbee5d0 4018       3       com.google.common.cache.LocalCache::nullEntry (4 bytes)
Event: 10.470 Thread 0x000001a2bfbee5d0 nmethod 4018 0x000001a2a95f0090 code [0x000001a2a95f0220, 0x000001a2a95f0318]

GC Heap History (20 events):
Event: 4.313 GC heap before
{Heap before GC invocations=1 (full 0):
 garbage-first heap   total 260096K, used 36702K [0x0000000080000000, 0x0000000100000000)
  region size 1024K, 29 young (29696K), 3 survivors (3072K)
 Metaspace       used 11159K, committed 11392K, reserved 1064960K
  class space    used 1163K, committed 1280K, reserved 1048576K
}
Event: 4.315 GC heap after
{Heap after GC invocations=2 (full 0):
 garbage-first heap   total 260096K, used 11074K [0x0000000080000000, 0x0000000100000000)
  region size 1024K, 1 young (1024K), 1 survivors (1024K)
 Metaspace       used 11159K, committed 11392K, reserved 1064960K
  class space    used 1163K, committed 1280K, reserved 1048576K
}
Event: 6.504 GC heap before
{Heap before GC invocations=2 (full 0):
 garbage-first heap   total 260096K, used 55106K [0x0000000080000000, 0x0000000100000000)
  region size 1024K, 44 young (45056K), 1 survivors (1024K)
 Metaspace       used 21298K, committed 21504K, reserved 1073152K
  class space    used 2577K, committed 2688K, reserved 1048576K
}
Event: 6.509 GC heap after
{Heap after GC invocations=3 (full 0):
 garbage-first heap   total 260096K, used 18475K [0x0000000080000000, 0x0000000100000000)
  region size 1024K, 8 young (8192K), 8 survivors (8192K)
 Metaspace       used 21298K, committed 21504K, reserved 1073152K
  class space    used 2577K, committed 2688K, reserved 1048576K
}
Event: 6.975 GC heap before
{Heap before GC invocations=4 (full 0):
 garbage-first heap   total 68608K, used 51243K [0x0000000080000000, 0x0000000100000000)
  region size 1024K, 40 young (40960K), 8 survivors (8192K)
 Metaspace       used 26297K, committed 26624K, reserved 1073152K
  class space    used 3457K, committed 3648K, reserved 1048576K
}
Event: 6.979 GC heap after
{Heap after GC invocations=5 (full 0):
 garbage-first heap   total 68608K, used 20515K [0x0000000080000000, 0x0000000100000000)
  region size 1024K, 3 young (3072K), 3 survivors (3072K)
 Metaspace       used 26297K, committed 26624K, reserved 1073152K
  class space    used 3457K, committed 3648K, reserved 1048576K
}
Event: 8.029 GC heap before
{Heap before GC invocations=5 (full 0):
 garbage-first heap   total 68608K, used 51235K [0x0000000080000000, 0x0000000100000000)
  region size 1024K, 24 young (24576K), 3 survivors (3072K)
 Metaspace       used 29324K, committed 29696K, reserved 1081344K
  class space    used 3985K, committed 4160K, reserved 1048576K
}
Event: 8.032 GC heap after
{Heap after GC invocations=6 (full 0):
 garbage-first heap   total 68608K, used 33955K [0x0000000080000000, 0x0000000100000000)
  region size 1024K, 4 young (4096K), 4 survivors (4096K)
 Metaspace       used 29324K, committed 29696K, reserved 1081344K
  class space    used 3985K, committed 4160K, reserved 1048576K
}
Event: 8.084 GC heap before
{Heap before GC invocations=7 (full 0):
 garbage-first heap   total 71680K, used 40099K [0x0000000080000000, 0x0000000100000000)
  region size 1024K, 5 young (5120K), 4 survivors (4096K)
 Metaspace       used 29325K, committed 29696K, reserved 1081344K
  class space    used 3985K, committed 4160K, reserved 1048576K
}
Event: 8.085 GC heap after
{Heap after GC invocations=8 (full 0):
 garbage-first heap   total 71680K, used 40489K [0x0000000080000000, 0x0000000100000000)
  region size 1024K, 1 young (1024K), 1 survivors (1024K)
 Metaspace       used 29325K, committed 29696K, reserved 1081344K
  class space    used 3985K, committed 4160K, reserved 1048576K
}
Event: 8.185 GC heap before
{Heap before GC invocations=9 (full 0):
 garbage-first heap   total 75776K, used 42537K [0x0000000080000000, 0x0000000100000000)
  region size 1024K, 3 young (3072K), 1 survivors (1024K)
 Metaspace       used 29412K, committed 29760K, reserved 1081344K
  class space    used 3999K, committed 4160K, reserved 1048576K
}
Event: 8.186 GC heap after
{Heap after GC invocations=10 (full 0):
 garbage-first heap   total 75776K, used 42058K [0x0000000080000000, 0x0000000100000000)
  region size 1024K, 1 young (1024K), 1 survivors (1024K)
 Metaspace       used 29412K, committed 29760K, reserved 1081344K
  class space    used 3999K, committed 4160K, reserved 1048576K
}
Event: 8.233 GC heap before
{Heap before GC invocations=11 (full 0):
 garbage-first heap   total 92160K, used 52298K [0x0000000080000000, 0x0000000100000000)
  region size 1024K, 2 young (2048K), 1 survivors (1024K)
 Metaspace       used 29412K, committed 29760K, reserved 1081344K
  class space    used 3999K, committed 4160K, reserved 1048576K
}
Event: 8.234 GC heap after
{Heap after GC invocations=12 (full 0):
 garbage-first heap   total 125952K, used 52242K [0x0000000080000000, 0x0000000100000000)
  region size 1024K, 1 young (1024K), 1 survivors (1024K)
 Metaspace       used 29412K, committed 29760K, reserved 1081344K
  class space    used 3999K, committed 4160K, reserved 1048576K
}
Event: 9.225 GC heap before
{Heap before GC invocations=12 (full 0):
 garbage-first heap   total 125952K, used 96274K [0x0000000080000000, 0x0000000100000000)
  region size 1024K, 43 young (44032K), 1 survivors (1024K)
 Metaspace       used 35804K, committed 36160K, reserved 1081344K
  class space    used 4993K, committed 5120K, reserved 1048576K
}
Event: 9.228 GC heap after
{Heap after GC invocations=13 (full 0):
 garbage-first heap   total 125952K, used 57172K [0x0000000080000000, 0x0000000100000000)
  region size 1024K, 4 young (4096K), 4 survivors (4096K)
 Metaspace       used 35804K, committed 36160K, reserved 1081344K
  class space    used 4993K, committed 5120K, reserved 1048576K
}
Event: 9.625 GC heap before
{Heap before GC invocations=13 (full 0):
 garbage-first heap   total 125952K, used 98132K [0x0000000080000000, 0x0000000100000000)
  region size 1024K, 44 young (45056K), 4 survivors (4096K)
 Metaspace       used 41974K, committed 42432K, reserved 1089536K
  class space    used 5609K, committed 5824K, reserved 1048576K
}
Event: 9.629 GC heap after
{Heap after GC invocations=14 (full 0):
 garbage-first heap   total 125952K, used 62125K [0x0000000080000000, 0x0000000100000000)
  region size 1024K, 6 young (6144K), 6 survivors (6144K)
 Metaspace       used 41974K, committed 42432K, reserved 1089536K
  class space    used 5609K, committed 5824K, reserved 1048576K
}
Event: 9.639 GC heap before
{Heap before GC invocations=14 (full 0):
 garbage-first heap   total 125952K, used 63149K [0x0000000080000000, 0x0000000100000000)
  region size 1024K, 8 young (8192K), 6 survivors (6144K)
 Metaspace       used 42114K, committed 42560K, reserved 1089536K
  class space    used 5616K, committed 5824K, reserved 1048576K
}
Event: 9.643 GC heap after
{Heap after GC invocations=15 (full 0):
 garbage-first heap   total 125952K, used 63256K [0x0000000080000000, 0x0000000100000000)
  region size 1024K, 2 young (2048K), 2 survivors (2048K)
 Metaspace       used 42114K, committed 42560K, reserved 1089536K
  class space    used 5616K, committed 5824K, reserved 1048576K
}

Dll operation events (2 events):
Event: 0.035 Loaded shared library C:\Program Files\Android\Android Studio\jbr\bin\java.dll
Event: 1.449 Loaded shared library C:\Program Files\Android\Android Studio\jbr\bin\verify.dll

Deoptimization events (20 events):
Event: 9.912 Thread 0x000001a2c36342f0 Uncommon trap: trap_request=0xffffff45 fr.pc=0x000001a2b0a64a3c relative=0x000000000000011c
Event: 9.912 Thread 0x000001a2c36342f0 Uncommon trap: reason=unstable_if action=reinterpret pc=0x000001a2b0a64a3c method=java.util.Arrays.hashCode([Ljava/lang/Object;)I @ 34 c2
Event: 9.912 Thread 0x000001a2c36342f0 DEOPT PACKING pc=0x000001a2b0a64a3c sp=0x000000319a1f7790
Event: 9.912 Thread 0x000001a2c36342f0 DEOPT UNPACKING pc=0x000001a2b03569a3 sp=0x000000319a1f7708 mode 2
Event: 9.945 Thread 0x000001a2c0b6b0b0 Uncommon trap: trap_request=0xffffffc6 fr.pc=0x000001a2b0aaa0c4 relative=0x0000000000000244
Event: 9.945 Thread 0x000001a2c0b6b0b0 Uncommon trap: reason=bimorphic_or_optimized_type_check action=maybe_recompile pc=0x000001a2b0aaa0c4 method=java.util.stream.ReferencePipeline.forEachWithCancel(Ljava/util/Spliterator;Ljava/util/stream/Sink;)Z @ 1 c2
Event: 9.945 Thread 0x000001a2c0b6b0b0 DEOPT PACKING pc=0x000001a2b0aaa0c4 sp=0x0000003199bfea90
Event: 9.945 Thread 0x000001a2c0b6b0b0 DEOPT UNPACKING pc=0x000001a2b03569a3 sp=0x0000003199bfea20 mode 2
Event: 10.142 Thread 0x000001a2c36342f0 Uncommon trap: trap_request=0xffffffc6 fr.pc=0x000001a2b0aaa0e4 relative=0x0000000000000264
Event: 10.142 Thread 0x000001a2c36342f0 Uncommon trap: reason=bimorphic_or_optimized_type_check action=maybe_recompile pc=0x000001a2b0aaa0e4 method=java.util.stream.Sink$ChainedReference.cancellationRequested()Z @ 4 c2
Event: 10.143 Thread 0x000001a2c36342f0 DEOPT PACKING pc=0x000001a2b0aaa0e4 sp=0x000000319a1f7ff0
Event: 10.143 Thread 0x000001a2c36342f0 DEOPT UNPACKING pc=0x000001a2b03569a3 sp=0x000000319a1f7f20 mode 2
Event: 10.145 Thread 0x000001a2c36342f0 Uncommon trap: trap_request=0xffffffc6 fr.pc=0x000001a2b0aaa0e4 relative=0x0000000000000264
Event: 10.145 Thread 0x000001a2c36342f0 Uncommon trap: reason=bimorphic_or_optimized_type_check action=maybe_recompile pc=0x000001a2b0aaa0e4 method=java.util.stream.Sink$ChainedReference.cancellationRequested()Z @ 4 c2
Event: 10.145 Thread 0x000001a2c36342f0 DEOPT PACKING pc=0x000001a2b0aaa0e4 sp=0x000000319a1f7c70
Event: 10.145 Thread 0x000001a2c36342f0 DEOPT UNPACKING pc=0x000001a2b03569a3 sp=0x000000319a1f7ba0 mode 2
Event: 10.324 Thread 0x000001a2c36342f0 DEOPT PACKING pc=0x000001a2a91a58d4 sp=0x000000319a1f9000
Event: 10.324 Thread 0x000001a2c36342f0 DEOPT UNPACKING pc=0x000001a2b0357143 sp=0x000000319a1f8558 mode 0
Event: 10.408 Thread 0x000001a2c36342f0 DEOPT PACKING pc=0x000001a2a9117c08 sp=0x000000319a1f8770
Event: 10.408 Thread 0x000001a2c36342f0 DEOPT UNPACKING pc=0x000001a2b0357143 sp=0x000000319a1f7c78 mode 0

Classes unloaded (0 events):
No events

Classes redefined (0 events):
No events

Internal exceptions (20 events):
Event: 9.825 Thread 0x000001a2c36342f0 Exception <a 'java/lang/ClassNotFoundException'{0x000000008cd5f090}: sync_studio_tooling1_3pvsfkje2995g6rp87o5ogzp4BeanInfo> (0x000000008cd5f090) 
thrown [s\src\hotspot\share\classfile\systemDictionary.cpp, line 256]
Event: 9.826 Thread 0x000001a2c36342f0 Exception <a 'java/lang/ClassNotFoundException'{0x000000008cd659a0}: sync_studio_tooling1_3pvsfkje2995g6rp87o5ogzp4Customizer> (0x000000008cd659a0) 
thrown [s\src\hotspot\share\classfile\systemDictionary.cpp, line 256]
Event: 9.830 Thread 0x000001a2c36342f0 Exception <a 'java/lang/ClassNotFoundException'{0x000000008cdb1af0}: org/gradle/internal/metaobject/ConfigureDelegateBeanInfo> (0x000000008cdb1af0) 
thrown [s\src\hotspot\share\classfile\systemDictionary.cpp, line 256]
Event: 9.831 Thread 0x000001a2c36342f0 Exception <a 'java/lang/ClassNotFoundException'{0x000000008cdc1f00}: org/gradle/internal/metaobject/ConfigureDelegateCustomizer> (0x000000008cdc1f00) 
thrown [s\src\hotspot\share\classfile\systemDictionary.cpp, line 256]
Event: 9.836 Thread 0x000001a2c36342f0 Exception <a 'java/lang/ClassNotFoundException'{0x000000008cc12278}: org/gradle/api/internal/initialization/DefaultScriptHandlerBeanInfo> (0x000000008cc12278) 
thrown [s\src\hotspot\share\classfile\systemDictionary.cpp, line 256]
Event: 9.837 Thread 0x000001a2c36342f0 Exception <a 'java/lang/ClassNotFoundException'{0x000000008cc227b8}: org/gradle/api/internal/initialization/DefaultScriptHandlerCustomizer> (0x000000008cc227b8) 
thrown [s\src\hotspot\share\classfile\systemDictionary.cpp, line 256]
Event: 9.912 Thread 0x000001a2c36342f0 Implicit null exception at 0x000001a2b0a6496c to 0x000001a2b0a64a20
Event: 9.917 Thread 0x000001a2c36342f0 Exception <a 'java/lang/ClassNotFoundException'{0x0000000086ea7fe8}: org/gradle/api/internal/artifacts/dsl/dependencies/DefaultDependencyHandler_DecoratedBeanInfo> (0x0000000086ea7fe8) 
thrown [s\src\hotspot\share\classfile\systemDictionary.cpp, line 256]
Event: 9.917 Thread 0x000001a2c36342f0 Exception <a 'java/lang/ClassNotFoundException'{0x0000000086ebdb10}: org/gradle/api/internal/artifacts/dsl/dependencies/DefaultDependencyHandlerBeanInfo> (0x0000000086ebdb10) 
thrown [s\src\hotspot\share\classfile\systemDictionary.cpp, line 256]
Event: 9.918 Thread 0x000001a2c36342f0 Exception <a 'java/lang/ClassNotFoundException'{0x0000000086ed2b58}: org/gradle/api/internal/artifacts/dsl/dependencies/DefaultDependencyHandlerCustomizer> (0x0000000086ed2b58) 
thrown [s\src\hotspot\share\classfile\systemDictionary.cpp, line 256]
Event: 9.920 Thread 0x000001a2c36342f0 Exception <a 'java/lang/ClassNotFoundException'{0x0000000086d11eb8}: org/gradle/api/internal/artifacts/dsl/dependencies/DefaultDependencyHandler_DecoratedCustomizer> (0x0000000086d11eb8) 
thrown [s\src\hotspot\share\classfile\systemDictionary.cpp, line 256]
Event: 9.957 Thread 0x000001a2c36342f0 Exception <a 'java/lang/NoSuchMethodError'{0x0000000086a10988}: 'java.lang.Object java.lang.invoke.DirectMethodHandle$Holder.newInvokeSpecial(java.lang.Object, int, java.lang.Object)'> (0x0000000086a10988) 
thrown [s\src\hotspot\share\interpreter\linkResolver.cpp, line 771]
Event: 10.072 Thread 0x000001a2c36342f0 Exception <a 'java/lang/NoSuchMethodError'{0x00000000861e1a08}: 'int java.lang.invoke.DirectMethodHandle$Holder.invokeStatic(java.lang.Object)'> (0x00000000861e1a08) 
thrown [s\src\hotspot\share\interpreter\linkResolver.cpp, line 771]
Event: 10.072 Thread 0x000001a2c36342f0 Exception <a 'java/lang/NoSuchMethodError'{0x00000000861e5df8}: 'int java.lang.invoke.DirectMethodHandle$Holder.invokeStaticInit(java.lang.Object)'> (0x00000000861e5df8) 
thrown [s\src\hotspot\share\interpreter\linkResolver.cpp, line 771]
Event: 10.326 Thread 0x000001a2c36342f0 Exception <a 'java/lang/ClassNotFoundException'{0x0000000085f660e8}: sync_studio_tooling1_3pvsfkje2995g6rp87o5ogzp4BeanInfo> (0x0000000085f660e8) 
thrown [s\src\hotspot\share\classfile\systemDictionary.cpp, line 256]
Event: 10.327 Thread 0x000001a2c36342f0 Exception <a 'java/lang/ClassNotFoundException'{0x0000000085f6c998}: sync_studio_tooling1_3pvsfkje2995g6rp87o5ogzp4Customizer> (0x0000000085f6c998) 
thrown [s\src\hotspot\share\classfile\systemDictionary.cpp, line 256]
Event: 10.400 Thread 0x000001a2c36342f0 Exception <a 'java/lang/ClassNotFoundException'{0x0000000085e3dbf0}: ijinit_8d7bzarsqku8bnvousm31kr34BeanInfo> (0x0000000085e3dbf0) 
thrown [s\src\hotspot\share\classfile\systemDictionary.cpp, line 256]
Event: 10.400 Thread 0x000001a2c36342f0 Exception <a 'java/lang/ClassNotFoundException'{0x0000000085e44470}: ijinit_8d7bzarsqku8bnvousm31kr34Customizer> (0x0000000085e44470) 
thrown [s\src\hotspot\share\classfile\systemDictionary.cpp, line 256]
Event: 10.403 Thread 0x000001a2c36342f0 Exception <a 'java/lang/ClassNotFoundException'{0x0000000085e875c8}: ijinit_8d7bzarsqku8bnvousm31kr34$_run_closure1BeanInfo> (0x0000000085e875c8) 
thrown [s\src\hotspot\share\classfile\systemDictionary.cpp, line 256]
Event: 10.404 Thread 0x000001a2c36342f0 Exception <a 'java/lang/ClassNotFoundException'{0x0000000085e8e528}: ijinit_8d7bzarsqku8bnvousm31kr34$_run_closure1Customizer> (0x0000000085e8e528) 
thrown [s\src\hotspot\share\classfile\systemDictionary.cpp, line 256]

VM Operations (20 events):
Event: 9.496 Executing VM operation: HandshakeAllThreads
Event: 9.496 Executing VM operation: HandshakeAllThreads done
Event: 9.538 Executing VM operation: HandshakeAllThreads
Event: 9.538 Executing VM operation: HandshakeAllThreads done
Event: 9.580 Executing VM operation: ICBufferFull
Event: 9.580 Executing VM operation: ICBufferFull done
Event: 9.625 Executing VM operation: G1CollectForAllocation
Event: 9.629 Executing VM operation: G1CollectForAllocation done
Event: 9.639 Executing VM operation: G1TryInitiateConcMark
Event: 9.643 Executing VM operation: G1TryInitiateConcMark done
Event: 9.654 Executing VM operation: G1Concurrent
Event: 9.663 Executing VM operation: G1Concurrent done
Event: 9.669 Executing VM operation: G1Concurrent
Event: 9.669 Executing VM operation: G1Concurrent done
Event: 9.890 Executing VM operation: HandshakeAllThreads
Event: 9.890 Executing VM operation: HandshakeAllThreads done
Event: 9.904 Executing VM operation: HandshakeAllThreads
Event: 9.904 Executing VM operation: HandshakeAllThreads done
Event: 9.905 Executing VM operation: HandshakeAllThreads
Event: 9.905 Executing VM operation: HandshakeAllThreads done

Events (20 events):
Event: 9.577 loading class java/util/WeakHashMap$HashIterator done
Event: 9.577 loading class java/util/WeakHashMap$KeyIterator done
Event: 9.639 loading class jdk/internal/reflect/UnsafeObjectFieldAccessorImpl
Event: 9.639 loading class jdk/internal/reflect/UnsafeObjectFieldAccessorImpl done
Event: 9.668 loading class sun/reflect/MagicAccessorImpl
Event: 9.668 loading class sun/reflect/MagicAccessorImpl done
Event: 9.690 loading class com/sun/beans/finder/MethodFinder
Event: 9.690 loading class com/sun/beans/finder/AbstractFinder
Event: 9.691 loading class com/sun/beans/finder/AbstractFinder done
Event: 9.691 loading class com/sun/beans/finder/MethodFinder done
Event: 9.691 loading class com/sun/beans/finder/MethodFinder$1
Event: 9.691 loading class com/sun/beans/finder/MethodFinder$1 done
Event: 9.691 loading class com/sun/beans/finder/FinderUtils
Event: 9.691 loading class com/sun/beans/finder/FinderUtils done
Event: 10.047 loading class java/io/DeleteOnExitHook
Event: 10.047 loading class java/io/DeleteOnExitHook done
Event: 10.047 loading class java/io/DeleteOnExitHook$1
Event: 10.047 loading class java/io/DeleteOnExitHook$1 done
Event: 10.227 Thread 0x000001a2bfe928b0 Thread exited: 0x000001a2bfe928b0
Event: 10.401 Thread 0x000001a2c5d8f0d0 Thread added: 0x000001a2c5d8f0d0


Dynamic libraries:
0x00007ff632270000 - 0x00007ff63227a000 	C:\Program Files\Android\Android Studio\jbr\bin\java.exe
0x00007fffa17d0000 - 0x00007fffa19c8000 	C:\Windows\SYSTEM32\ntdll.dll
0x00007fffa00b0000 - 0x00007fffa016f000 	C:\Windows\System32\KERNEL32.DLL
0x00007fff9eec0000 - 0x00007fff9f192000 	C:\Windows\System32\KERNELBASE.dll
0x00007fff9f710000 - 0x00007fff9f810000 	C:\Windows\System32\ucrtbase.dll
0x00007fff9a850000 - 0x00007fff9a867000 	C:\Program Files\Android\Android Studio\jbr\bin\jli.dll
0x00007fff90720000 - 0x00007fff9073b000 	C:\Program Files\Android\Android Studio\jbr\bin\VCRUNTIME140.dll
0x00007fffa0dc0000 - 0x00007fffa0f61000 	C:\Windows\System32\USER32.dll
0x00007fff9f2a0000 - 0x00007fff9f2c2000 	C:\Windows\System32\win32u.dll
0x00007fff9fb20000 - 0x00007fff9fb4b000 	C:\Windows\System32\GDI32.dll
0x00007fff8e460000 - 0x00007fff8e6fa000 	C:\Windows\WinSxS\amd64_microsoft.windows.common-controls_6595b64144ccf1df_6.0.19041.1110_none_60b5254171f9507e\COMCTL32.dll
0x00007fff9f450000 - 0x00007fff9f55f000 	C:\Windows\System32\gdi32full.dll
0x00007fffa0170000 - 0x00007fffa020e000 	C:\Windows\System32\msvcrt.dll
0x00007fff9f300000 - 0x00007fff9f39d000 	C:\Windows\System32\msvcp_win.dll
0x00007fff9ffc0000 - 0x00007fff9fff2000 	C:\Windows\System32\IMM32.DLL
0x00007fff576c0000 - 0x00007fff57764000 	C:\Program Files\McAfee\Endpoint Security\Threat Prevention\Ips\EpMPApi.dll
0x00007fff9f810000 - 0x00007fff9f935000 	C:\Windows\System32\RPCRT4.dll
0x00007fffa0000000 - 0x00007fffa00ae000 	C:\Windows\System32\ADVAPI32.dll
0x00007fffa0910000 - 0x00007fffa09ac000 	C:\Windows\System32\sechost.dll
0x00007fff9f230000 - 0x00007fff9f299000 	C:\Windows\System32\WINTRUST.dll
0x00007fff9f5b0000 - 0x00007fff9f706000 	C:\Windows\System32\CRYPT32.dll
0x00007fff9ea40000 - 0x00007fff9ea52000 	C:\Windows\SYSTEM32\MSASN1.dll
0x0000000064560000 - 0x000000006456c000 	C:\Program Files\McAfee\Endpoint Security\Threat Prevention\Ips\EpMPThe.dll
0x00007fff57630000 - 0x00007fff5768b000 	C:\Program Files\McAfee\Endpoint Security\Threat Prevention\Ips\HIPHandlers64.dll
0x00007fffa0ce0000 - 0x00007fffa0d35000 	C:\Windows\System32\SHLWAPI.dll
0x00007fff94c90000 - 0x00007fff94e74000 	C:\Windows\SYSTEM32\dbghelp.dll
0x000001a2a4f40000 - 0x000001a2a5684000 	C:\Windows\System32\SHELL32.dll
0x00007fff59070000 - 0x00007fff59125000 	C:\Program Files\Common Files\McAfee\SystemCore\mfehcinj.dll
0x00007fff7fb60000 - 0x00007fff7fb6f000 	C:\Program Files\Common Files\McAfee\SystemCore\mfehcthe.dll
0x00007fff68fe0000 - 0x00007fff6900e000 	C:\Program Files\McAfee\Endpoint Security\Adaptive Threat Protection\mfedeeprem64.dll
0x00007fff9f9f0000 - 0x00007fff9fb1a000 	C:\Windows\System32\ole32.dll
0x00007fffa0330000 - 0x00007fffa0685000 	C:\Windows\System32\combase.dll
0x00007fffa16c0000 - 0x00007fffa178d000 	C:\Windows\System32\OLEAUT32.dll
0x00007fff9ab40000 - 0x00007fff9ab4c000 	C:\Program Files\Android\Android Studio\jbr\bin\vcruntime140_1.dll
0x00007fff67dc0000 - 0x00007fff67e4d000 	C:\Program Files\Android\Android Studio\jbr\bin\msvcp140.dll
0x00007fff3acd0000 - 0x00007fff3b93d000 	C:\Program Files\Android\Android Studio\jbr\bin\server\jvm.dll
0x00007fff95d90000 - 0x00007fff95d9a000 	C:\Windows\SYSTEM32\VERSION.dll
0x00007fff94bf0000 - 0x00007fff94c17000 	C:\Windows\SYSTEM32\WINMM.dll
0x00007fff935e0000 - 0x00007fff935e9000 	C:\Windows\SYSTEM32\WSOCK32.dll
0x00007fffa02b0000 - 0x00007fffa031b000 	C:\Windows\System32\WS2_32.dll
0x00007fff9cd60000 - 0x00007fff9cd72000 	C:\Windows\SYSTEM32\kernel.appcore.dll
0x00007fff887e0000 - 0x00007fff887ea000 	C:\Program Files\Android\Android Studio\jbr\bin\jimage.dll
0x00007fff94220000 - 0x00007fff94255000 	C:\Windows\SYSTEM32\dbgcore.DLL
0x00007fff9f1a0000 - 0x00007fff9f222000 	C:\Windows\System32\bcryptPrimitives.dll
0x00007fff76a50000 - 0x00007fff76a75000 	C:\Program Files\Android\Android Studio\jbr\bin\java.dll
0x00007fff6eec0000 - 0x00007fff6eed8000 	C:\Program Files\Android\Android Studio\jbr\bin\zip.dll
0x00007fff9cf60000 - 0x00007fff9d6f2000 	C:\Windows\SYSTEM32\windows.storage.dll
0x00007fff9e760000 - 0x00007fff9e790000 	C:\Windows\SYSTEM32\Wldp.dll
0x00007fff9f940000 - 0x00007fff9f9ed000 	C:\Windows\System32\SHCORE.dll
0x00007fff9ee00000 - 0x00007fff9ee1f000 	C:\Windows\SYSTEM32\profapi.dll
0x00007fff68060000 - 0x00007fff68079000 	C:\Program Files\Android\Android Studio\jbr\bin\net.dll
0x00007fff99090000 - 0x00007fff9919c000 	C:\Windows\SYSTEM32\WINHTTP.dll
0x00007fff9e540000 - 0x00007fff9e5aa000 	C:\Windows\system32\mswsock.dll
0x00007fff67d60000 - 0x00007fff67d76000 	C:\Program Files\Android\Android Studio\jbr\bin\nio.dll
0x00007fff7d5a0000 - 0x00007fff7d5b0000 	C:\Program Files\Android\Android Studio\jbr\bin\verify.dll
0x00007fff9a2d0000 - 0x00007fff9a2f7000 	C:\Users\admin.CHETUIWKSC016\.gradle\native\68d5fa5c4cc2d200863cafc0d521ce42e7d3e7ee720ec0a83991735586a16f82\windows-amd64\native-platform.dll
0x00007fff3bfe0000 - 0x00007fff3c124000 	C:\Users\admin.CHETUIWKSC016\.gradle\native\e376f236ea51e6404a007f0833ffe2c6e607c4080706a723a18a27aeea778392\windows-amd64\native-platform-file-events.dll
0x00007fff87b30000 - 0x00007fff87b39000 	C:\Program Files\Android\Android Studio\jbr\bin\management.dll
0x00007fff7e550000 - 0x00007fff7e55b000 	C:\Program Files\Android\Android Studio\jbr\bin\management_ext.dll
0x00007fffa0320000 - 0x00007fffa0328000 	C:\Windows\System32\PSAPI.DLL
0x00007fff9e7a0000 - 0x00007fff9e7b8000 	C:\Windows\SYSTEM32\CRYPTSP.dll
0x00007fff9de80000 - 0x00007fff9deb4000 	C:\Windows\system32\rsaenh.dll
0x00007fff9f2d0000 - 0x00007fff9f2f7000 	C:\Windows\System32\bcrypt.dll
0x00007fff9ed70000 - 0x00007fff9ed9e000 	C:\Windows\SYSTEM32\USERENV.dll
0x00007fff9e6d0000 - 0x00007fff9e6dc000 	C:\Windows\SYSTEM32\CRYPTBASE.dll
0x00007fff9e250000 - 0x00007fff9e28b000 	C:\Windows\SYSTEM32\IPHLPAPI.DLL
0x00007fffa0210000 - 0x00007fffa0218000 	C:\Windows\System32\NSI.dll
0x00007fff97640000 - 0x00007fff97657000 	C:\Windows\SYSTEM32\dhcpcsvc6.DLL
0x00007fff97570000 - 0x00007fff9758d000 	C:\Windows\SYSTEM32\dhcpcsvc.DLL
0x00007fff9e290000 - 0x00007fff9e35a000 	C:\Windows\SYSTEM32\DNSAPI.dll
0x00007fff88580000 - 0x00007fff88587000 	C:\Windows\system32\wshunix.dll

dbghelp: loaded successfully - version: 4.0.5 - missing functions: none
symbol engine: initialized successfully - sym options: 0x614 - pdb path: .;C:\Program Files\Android\Android Studio\jbr\bin;C:\Windows\SYSTEM32;C:\Windows\WinSxS\amd64_microsoft.windows.common-controls_6595b64144ccf1df_6.0.19041.1110_none_60b5254171f9507e;C:\Program Files\McAfee\Endpoint Security\Threat Prevention\Ips;C:\Program Files\Common Files\McAfee\SystemCore;C:\Program Files\McAfee\Endpoint Security\Adaptive Threat Protection;C:\Program Files\Android\Android Studio\jbr\bin\server;C:\Users\admin.CHETUIWKSC016\.gradle\native\68d5fa5c4cc2d200863cafc0d521ce42e7d3e7ee720ec0a83991735586a16f82\windows-amd64;C:\Users\admin.CHETUIWKSC016\.gradle\native\e376f236ea51e6404a007f0833ffe2c6e607c4080706a723a18a27aeea778392\windows-amd64

VM Arguments:
jvm_args: --add-opens=java.base/java.util=ALL-UNNAMED --add-opens=java.base/java.lang=ALL-UNNAMED --add-opens=java.base/java.lang.invoke=ALL-UNNAMED --add-opens=java.prefs/java.util.prefs=ALL-UNNAMED --add-opens=java.base/java.nio.charset=ALL-UNNAMED --add-opens=java.base/java.net=ALL-UNNAMED --add-opens=java.base/java.util.concurrent.atomic=ALL-UNNAMED -Xmx2048m -Dfile.encoding=UTF-8 -Duser.country=IN -Duser.language=en -Duser.variant 
java_command: org.gradle.launcher.daemon.bootstrap.GradleDaemon 8.0
java_class_path (initial): C:\Users\admin.CHETUIWKSC016\.gradle\wrapper\dists\gradle-8.0-bin\ca5e32bp14vu59qr306oxotwh\gradle-8.0\lib\gradle-launcher-8.0.jar
Launcher Type: SUN_STANDARD

[Global flags]
     intx CICompilerCount                          = 3                                         {product} {ergonomic}
     uint ConcGCThreads                            = 2                                         {product} {ergonomic}
     uint G1ConcRefinementThreads                  = 6                                         {product} {ergonomic}
   size_t G1HeapRegionSize                         = 1048576                                   {product} {ergonomic}
    uintx GCDrainStackTargetSize                   = 64                                        {product} {ergonomic}
   size_t InitialHeapSize                          = 266338304                                 {product} {ergonomic}
   size_t MarkStackSize                            = 4194304                                   {product} {ergonomic}
   size_t MaxHeapSize                              = 2147483648                                {product} {command line}
   size_t MaxNewSize                               = 1287651328                                {product} {ergonomic}
   size_t MinHeapDeltaBytes                        = 1048576                                   {product} {ergonomic}
   size_t MinHeapSize                              = 8388608                                   {product} {ergonomic}
    uintx NonNMethodCodeHeapSize                   = 5832780                                {pd product} {ergonomic}
    uintx NonProfiledCodeHeapSize                  = 122912730                              {pd product} {ergonomic}
    uintx ProfiledCodeHeapSize                     = 122912730                              {pd product} {ergonomic}
    uintx ReservedCodeCacheSize                    = 251658240                              {pd product} {ergonomic}
     bool SegmentedCodeCache                       = true                                      {product} {ergonomic}
   size_t SoftMaxHeapSize                          = 2147483648                             {manageable} {ergonomic}
     bool UseCompressedClassPointers               = true                           {product lp64_product} {ergonomic}
     bool UseCompressedOops                        = true                           {product lp64_product} {ergonomic}
     bool UseG1GC                                  = true                                      {product} {ergonomic}
     bool UseLargePagesIndividualAllocation        = false                                  {pd product} {ergonomic}

Logging:
Log output configuration:
 #0: stdout all=warning uptime,level,tags
 #1: stderr all=off uptime,level,tags

Environment Variables:
PATH=C:\Program Files\Microsoft\jdk-11.0.12.7-hotspot\bin;C:\Windows\system32;C:\Windows;C:\Windows\System32\Wbem;C:\Windows\System32\WindowsPowerShell\v1.0\;C:\Windows\System32\OpenSSH\;C:\Program Files\TortoiseSVN\bin;C:\Program Files\za\;C:\Program Files (x86)\Microsoft SQL Server\150\DTS\Binn\;C:\Program Files (x86)\Microsoft SQL Server\150\Tools\Binn\;C:\Program Files\Microsoft SQL Server\150\Tools\Binn\;C:\Program Files\Microsoft SQL Server\150\DTS\Binn\;C:\Program Files\Microsoft SQL Server\Client SDK\ODBC\170\Tools\Binn\;C:\Program Files\Microsoft SQL Server\130\Tools\Binn\;C:\Program Files\dotnet\;C:\Users\admin.CHETUIWKSC016\AppData\Local\Programs\Python\Python311\Scripts\;C:\Users\admin.CHETUIWKSC016\AppData\Local\Programs\Python\Python311\;C:\Users\admin.CHETUIWKSC016\AppData\Local\Microsoft\WindowsApps;C:\Users\admin.CHETUIWKSC016\AppData\Local\Programs\Microsoft VS Code\bin;C:\Users\admin.CHETUIWKSC016\.dotnet\tools;C:\Users\admin.CHETUIWKSC016\AppData\Local\Programs\Git\cmd
USERNAME=admin
OS=Windows_NT
PROCESSOR_IDENTIFIER=Intel64 Family 6 Model 158 Stepping 10, GenuineIntel
TMP=C:\Users\ADMIN~1.CHE\AppData\Local\Temp
TEMP=C:\Users\ADMIN~1.CHE\AppData\Local\Temp



---------------  S Y S T E M  ---------------

OS:
 Windows 10 , 64 bit Build 19041 (10.0.19041.2364)
OS uptime: 0 days 0:12 hours
Hyper-V role detected

CPU: total 6 (initial active 6) (6 cores per cpu, 1 threads per core) family 6 model 158 stepping 10 microcode 0xb4, cx8, cmov, fxsr, mmx, 3dnowpref, sse, sse2, sse3, ssse3, sse4.1, sse4.2, popcnt, lzcnt, tsc, tscinvbit, avx, avx2, aes, erms, clmul, bmi1, bmi2, adx, fma, vzeroupper, clflush, clflushopt, hv

Memory: 4k page, system-wide physical 16172M (9199M free)
TotalPageFile size 32556M (AvailPageFile size 25478M)
current process WorkingSet (physical memory assigned to process): 267M, peak: 272M
current process commit charge ("private bytes"): 310M, peak: 396M

vm_info: OpenJDK 64-Bit Server VM (17.0.6+0-b2043.56-9586694) for windows-amd64 JRE (17.0.6+0-b2043.56-9586694), built on Feb  9 2023 20:06:20 by "androidbuild" with MS VC++ 16.10 / 16.11 (VS2019)

END.
